<?xml version="1.0" encoding="UTF-8"?>
<!-- Generated by org.testng.reporters.JUnitReportReporter -->
<testsuite hostname="Akshay-PU" failures="0" tests="1" name="com.qa.tests.GetAPITest" time="0.469" errors="0" timestamp="04 Jun 2021 11:37:38 GMT" skipped="0">
  <testcase classname="com.qa.tests.GetAPITest" name="getAPITest2" time="0.469"/>
</testsuite> <!-- com.qa.tests.GetAPITest -->
