<?xml version="1.0" encoding="UTF-8"?>
<!-- Generated by org.testng.reporters.JUnitReportReporter -->
<testsuite hostname="Akshay-PU" failures="0" tests="1" name="com.qa.tests.GetAPITest" time="0.460" errors="0" timestamp="04 Jun 2021 09:45:08 GMT" skipped="0">
  <testcase classname="com.qa.tests.GetAPITest" name="getAPITest" time="0.460"/>
</testsuite> <!-- com.qa.tests.GetAPITest -->
