<?xml version="1.0" encoding="UTF-8"?>
<!-- Generated by org.testng.reporters.JUnitReportReporter -->
<testsuite hostname="Akshay-PU" failures="0" tests="1" name="com.qa.tests.PostAPITest" time="1.122" errors="0" timestamp="05 Jun 2021 12:44:47 GMT" skipped="0">
  <testcase classname="com.qa.tests.PostAPITest" name="postAPITest" time="1.122"/>
</testsuite> <!-- com.qa.tests.PostAPITest -->
